<?xml version="1.0" encoding="UTF-8"?>
<!-- Generated by org.testng.reporters.JUnitReportReporter -->
<testsuite hostname="Ankita" failures="0" tests="5" name="com.FlatPeak.tests.EndToEndTest" time="0.127" errors="0" timestamp="2025-04-01T20:06:23 IST" skipped="0">
  <testcase classname="com.FlatPeak.tests.EndToEndTest" name="verifyEndTime" time="0.083"/>
  <system-out/>
  <testcase classname="com.FlatPeak.tests.EndToEndTest" name="verifyStartTime" time="0.016"/>
  <system-out/>
  <testcase classname="com.FlatPeak.tests.EndToEndTest" name="verifyCurrencyCode" time="0.012"/>
  <system-out/>
  <testcase classname="com.FlatPeak.tests.EndToEndTest" name="verifyHourlyRatesArePresent" time="0.014"/>
  <system-out/>
  <testcase classname="com.FlatPeak.tests.EndToEndTest" name="verifyConfidenceValue" time="0.002"/>
  <system-out/>
</testsuite> <!-- com.FlatPeak.tests.EndToEndTest -->
