<?xml version="1.0" encoding="UTF-8"?>
<!-- Generated by org.testng.reporters.JUnitReportReporter -->
<testsuite hostname="Ankita" failures="0" tests="1" name="com.FlatPeak.tests.GetBearerToken" time="1.528" errors="0" timestamp="2025-03-31T16:40:16 IST" skipped="0">
  <testcase classname="com.FlatPeak.tests.GetBearerToken" name="getBearerTokenforAuthentication" time="1.528"/>
  <system-out/>
</testsuite> <!-- com.FlatPeak.tests.GetBearerToken -->
